<?xml version="1.0" encoding="UTF-8"?>
<!-- Generated by org.testng.reporters.JUnitXMLReporter -->
<testsuite hostname="LAPTOP-I2DQ2R0M" ignored="0" name="Default test" tests="7" failures="0" timestamp="2020-05-23T18:48:36 IST" time="42.955" errors="0">
  <testcase name="setup" time="35.843" classname="coms.test.Base"/>
  <testcase name="header" time="0.479" classname="coms.test.T_Mobile"/>
  <testcase name="footer" time="5.656" classname="coms.test.T_Mobile"/>
  <testcase name="plan" time="0.189" classname="coms.test.T_Mobile"/>
  <testcase name="coverage" time="0.187" classname="coms.test.T_Mobile"/>
  <testcase name="Devices" time="0.26" classname="coms.test.T_Mobile"/>
  <testcase name="BusinessSolution" time="0.287" classname="coms.test.T_Mobile"/>
</testsuite> <!-- Default test -->
